Arguments: 
  C:\Program Files\nodejs\node.exe C:\Users\123\AppData\Roaming\npm\node_modules\yarn\bin\yarn.js start

PATH: 
  C:\Program Files (x86)\Intel\iCLS Client\;C:\Program Files\Intel\iCLS Client\;C:\WINDOWS\system32;C:\WINDOWS;C:\WINDOWS\System32\Wbem;C:\WINDOWS\System32\WindowsPowerShell\v1.0\;C:\Program Files (x86)\Intel\Intel(R) Management Engine Components\DAL;C:\Program Files\Intel\Intel(R) Management Engine Components\DAL;C:\Program Files (x86)\Intel\Intel(R) Management Engine Components\IPT;C:\Program Files\Intel\Intel(R) Management Engine Components\IPT;C:\Program Files\Microsoft SQL Server\130\Tools\Binn\;c:\Program Files (x86)\Microsoft SQL Server\100\Tools\Binn\;c:\Program Files\Microsoft SQL Server\100\Tools\Binn\;c:\Program Files\Microsoft SQL Server\100\DTS\Binn\;c:\Program Files (x86)\Microsoft SQL Server\100\Tools\Binn\VSShell\Common7\IDE\;c:\Program Files (x86)\Microsoft Visual Studio 9.0\Common7\IDE\PrivateAssemblies\;c:\Program Files (x86)\Microsoft SQL Server\100\DTS\Binn\;C:\Program Files\TortoiseSVN\bin;C:\Program Files (x86)\Skype\Phone\;C:\Program Files\nodejs\;C:\Program Files\dotnet\;C:\Program Files (x86)\Microsoft SQL Server\Client SDK\ODBC\130\Tools\Binn\;C:\Program Files (x86)\Microsoft SQL Server\140\Tools\Binn\;C:\Program Files (x86)\Microsoft SQL Server\140\DTS\Binn\;C:\Program Files (x86)\Microsoft SQL Server\140\Tools\Binn\ManagementStudio\;C:\Program Files\Git\cmd;C:\Ruby21-x64\bin;D:\asp.net\visual studio code\Microsoft VS Code\bin;C:\Users\123\AppData\Local\Microsoft\WindowsApps;C:\Users\123\AppData\Roaming\npm

Yarn version: 
  1.5.1

Node version: 
  6.11.2

Platform: 
  win32 x64

npm manifest: 
  No manifest

yarn manifest: 
  No manifest

Lockfile: 
  No lockfile

Trace: 
  Error: Couldn't find a package.json file in "A:\\learnReactjs\\Example\\pj_crud"
      at MessageError.Error (native)
      at new MessageError (C:\Users\123\AppData\Roaming\npm\node_modules\yarn\lib\cli.js:186:110)
      at C:\Users\123\AppData\Roaming\npm\node_modules\yarn\lib\cli.js:40048:15
      at next (native)
      at step (C:\Users\123\AppData\Roaming\npm\node_modules\yarn\lib\cli.js:98:30)
      at C:\Users\123\AppData\Roaming\npm\node_modules\yarn\lib\cli.js:109:13
